Using pre-set license
Built from '2020.3/staging' branch; Version is '2020.3.25f1 (9b9180224418) revision 10195328'; Using compiler version '192528614'; Build Type 'Release'
OS: 'Windows 10  (10.0.19044) 64bit Core' Language: 'en' Physical Memory: 15776 MB
BatchMode: 1, IsHumanControllingUs: 0, StartBugReporterOnCrash: 0, Is64bit: 1, IsPro: 0

COMMAND LINE ARGUMENTS:
C:\Program Files\Unity\Hub\Editor\2020.3.25f1\Editor\Unity.exe
-adb2
-batchMode
-noUpm
-name
AssetImportWorker0
-projectPath
C:/perception
-logFile
Logs/AssetImportWorker0.log
-srvPort
62365
Successfully changed project path to: C:/perception
C:/perception
Using Asset Import Pipeline V2.
Refreshing native plugins compatible for Editor in 69.87 ms, found 2 plugins.
Preloading 0 native plugins for Editor in 0.00 ms.
Initialize engine version: 2020.3.25f1 (9b9180224418)
[Subsystems] Discovering subsystems at path C:/Program Files/Unity/Hub/Editor/2020.3.25f1/Editor/Data/Resources/UnitySubsystems
[Subsystems] Discovering subsystems at path C:/perception/Assets
GfxDevice: creating device client; threaded=0
Direct3D:
    Version:  Direct3D 11.0 [level 11.1]
    Renderer: NVIDIA GeForce RTX 3060 Laptop GPU (ID=0x2520)
    Vendor:   
    VRAM:     6009 MB
    Driver:   31.0.15.2756
Initialize mono
Mono path[0] = 'C:/Program Files/Unity/Hub/Editor/2020.3.25f1/Editor/Data/Managed'
Mono path[1] = 'C:/Program Files/Unity/Hub/Editor/2020.3.25f1/Editor/Data/MonoBleedingEdge/lib/mono/unityjit'
Mono config path = 'C:/Program Files/Unity/Hub/Editor/2020.3.25f1/Editor/Data/MonoBleedingEdge/etc'
Using monoOptions --debugger-agent=transport=dt_socket,embedding=1,server=y,suspend=n,address=127.0.0.1:56212
Begin MonoManager ReloadAssembly
Registering precompiled unity dll's ...
Register platform support module: C:/Program Files/Unity/Hub/Editor/2020.3.25f1/Editor/Data/PlaybackEngines/WindowsStandaloneSupport/UnityEditor.WindowsStandalone.Extensions.dll
Registered in 0.003052 seconds.
Native extension for WindowsStandalone target not found
Refreshing native plugins compatible for Editor in 67.85 ms, found 2 plugins.
Preloading 0 native plugins for Editor in 0.00 ms.
Mono: successfully reloaded assembly
- Completed reload, in  0.626 seconds
Domain Reload Profiling:
	ReloadAssembly (626ms)
		BeginReloadAssembly (59ms)
			ExecutionOrderSort (0ms)
			DisableScriptedObjects (0ms)
			BackupInstance (0ms)
			ReleaseScriptingObjects (0ms)
			CreateAndSetChildDomain (1ms)
		EndReloadAssembly (487ms)
			LoadAssemblies (56ms)
			RebuildTransferFunctionScriptingTraits (0ms)
			SetupTypeCache (149ms)
			ReleaseScriptCaches (0ms)
			RebuildScriptCaches (27ms)
			SetupLoadedEditorAssemblies (204ms)
				LogAssemblyErrors (0ms)
				InitializePlatformSupportModulesInManaged (5ms)
				SetLoadedEditorAssemblies (0ms)
				RefreshPlugins (68ms)
				BeforeProcessingInitializeOnLoad (17ms)
				ProcessInitializeOnLoadAttributes (84ms)
				ProcessInitializeOnLoadMethodAttributes (30ms)
				AfterProcessingInitializeOnLoad (0ms)
				EditorAssembliesLoaded (0ms)
			ExecutionOrderSort2 (0ms)
			AwakeInstancesAfterBackupRestoration (0ms)
Platform modules already initialized, skipping
Registering precompiled user dll's ...
Registered in 0.015251 seconds.
Begin MonoManager ReloadAssembly
Native extension for WindowsStandalone target not found
Refreshing native plugins compatible for Editor in 68.16 ms, found 2 plugins.
Preloading 0 native plugins for Editor in 0.00 ms.
System.NullReferenceException: Object reference not set to an instance of an object
  at UnityEditor.Perception.Visualizer.PythonForUnityInstaller.CheckIfPackageInstalled () [0x00066] in C:\perception\Library\PackageCache\com.unity.perception@0.11.2-preview.2\Editor\Visualizer\PythonForUnityInstaller.cs:53 
  at UnityEditor.Perception.Visualizer.PythonForUnityInstaller.Add () [0x00000] in C:\perception\Library\PackageCache\com.unity.perception@0.11.2-preview.2\Editor\Visualizer\PythonForUnityInstaller.cs:20 
  at UnityEditor.Perception.Visualizer.PythonForUnityInstaller..cctor () [0x00000] in C:\perception\Library\PackageCache\com.unity.perception@0.11.2-preview.2\Editor\Visualizer\PythonForUnityInstaller.cs:15 
UnityEngine.StackTraceUtility:ExtractStackTrace ()
UnityEngine.DebugLogHandler:LogFormat (UnityEngine.LogType,UnityEngine.Object,string,object[])
UnityEngine.Logger:Log (UnityEngine.LogType,object)
UnityEngine.Debug:LogError (object)
UnityEditor.EditorAssemblies:ProcessInitializeOnLoadAttributes (System.Type[])

Mono: successfully reloaded assembly
- Completed reload, in  1.773 seconds
Domain Reload Profiling:
	ReloadAssembly (1775ms)
		BeginReloadAssembly (145ms)
			ExecutionOrderSort (0ms)
			DisableScriptedObjects (5ms)
			BackupInstance (0ms)
			ReleaseScriptingObjects (0ms)
			CreateAndSetChildDomain (20ms)
		EndReloadAssembly (1560ms)
			LoadAssemblies (117ms)
			RebuildTransferFunctionScriptingTraits (0ms)
			SetupTypeCache (344ms)
			ReleaseScriptCaches (1ms)
			RebuildScriptCaches (55ms)
			SetupLoadedEditorAssemblies (929ms)
				LogAssemblyErrors (0ms)
				InitializePlatformSupportModulesInManaged (5ms)
				SetLoadedEditorAssemblies (0ms)
				RefreshPlugins (68ms)
				BeforeProcessingInitializeOnLoad (109ms)
				ProcessInitializeOnLoadAttributes (726ms)
				ProcessInitializeOnLoadMethodAttributes (11ms)
				AfterProcessingInitializeOnLoad (10ms)
				EditorAssembliesLoaded (0ms)
			ExecutionOrderSort2 (0ms)
			AwakeInstancesAfterBackupRestoration (7ms)
Platform modules already initialized, skipping
========================================================================
Worker process is ready to serve import requests
Launched and connected shader compiler UnityShaderCompiler.exe after 0.06 seconds
Refreshing native plugins compatible for Editor in 0.80 ms, found 2 plugins.
Preloading 0 native plugins for Editor in 0.00 ms.
Unloading 3368 Unused Serialized files (Serialized files now loaded: 0)
System memory in use before: 152.5 MB.
System memory in use after: 152.7 MB.

Unloading 31 unused Assets to reduce memory usage. Loaded Objects now: 3794.
Total: 4.048700 ms (FindLiveObjects: 0.276700 ms CreateObjectMapping: 0.097800 ms MarkObjects: 3.595000 ms  DeleteObjects: 0.078100 ms)

AssetImportParameters requested are different than current active one (requested -> active):
  custom:framework-win-MediaFoundation: 216162199b28c13a410421893ffa2e32 -> 
  custom:video-decoder-ogg-theora: a1e56fd34408186e4bbccfd4996cb3dc -> 
  custom:container-muxer-webm: aa71ff27fc2769a1b78a27578f13a17b -> 
  custom:container-demuxer-webm: 4f35f7cbe854078d1ac9338744f61a02 -> 
  custom:container-demuxer-ogg: 62fdf1f143b41e24485cea50d1cbac27 -> 
  custom:video-encoder-webm-vp8: eb34c28f22e8b96e1ab97ce403110664 -> 
  custom:video-codec-MediaFoundation-h265: 746d11721c4dcdbdad8f713fa42b33f4 -> 
  custom:video-decoder-webm-vp8: 9c59270c3fd7afecdb556c50c9e8de78 -> 
  custom:audio-decoder-ogg-vorbis: bf7c407c2cedff20999df2af8eb42d56 -> 
  custom:audio-encoder-webm-vorbis: bf7c407c2cedff20999df2af8eb42d56 -> 
========================================================================
Received Import Request.
  path: Assets/cup/cup_green_obj.obj
  artifactKey: Guid(12b81acc3630ee941862f4d28d5be6ed) Importer(815301076,1909f56bfc062723c751e8b465ee728b)
Start importing Assets/cup/cup_green_obj.obj using Guid(12b81acc3630ee941862f4d28d5be6ed) Importer(815301076,1909f56bfc062723c751e8b465ee728b)  -> (artifact id: '5ec09fd0f6ddfa41744772992546dd6e') in 0.408710 seconds 
  Import took 0.414814 seconds .

========================================================================
Received Import Request.
  Time since last request: 0.000269 seconds.
  path: Assets/cup
  artifactKey: Guid(6009d28aff7367245a3928c8ec03146d) Importer(815301076,1909f56bfc062723c751e8b465ee728b)
Start importing Assets/cup using Guid(6009d28aff7367245a3928c8ec03146d) Importer(815301076,1909f56bfc062723c751e8b465ee728b)  -> (artifact id: 'bca49a64199b5d0d94bc7ae5ee8618c4') in 0.007350 seconds 
  Import took 0.013110 seconds .

========================================================================
Received Import Request.
  Time since last request: 40.620379 seconds.
  path: Assets/cup/tex/cup_DefaultMaterial_AO.png
  artifactKey: Guid(2d53ac12929f6714c99ef87bf54a5f47) Importer(815301076,1909f56bfc062723c751e8b465ee728b)
Start importing Assets/cup/tex/cup_DefaultMaterial_AO.png using Guid(2d53ac12929f6714c99ef87bf54a5f47) Importer(815301076,1909f56bfc062723c751e8b465ee728b)  -> (artifact id: '05dec6d8b0a493c1015dbaf13b484383') in 0.051518 seconds 
  Import took 0.058096 seconds .

========================================================================
Received Import Request.
  Time since last request: 0.000302 seconds.
  path: Assets/cup/tex/cup_DefaultMaterial_BaseColor.png
  artifactKey: Guid(7da3a4922f1eb4a49af2abf5d31d75af) Importer(815301076,1909f56bfc062723c751e8b465ee728b)
Start importing Assets/cup/tex/cup_DefaultMaterial_BaseColor.png using Guid(7da3a4922f1eb4a49af2abf5d31d75af) Importer(815301076,1909f56bfc062723c751e8b465ee728b)  -> (artifact id: 'c650b75927af16d695785563dda9d915') in 0.014277 seconds 
  Import took 0.020374 seconds .

========================================================================
Received Import Request.
  Time since last request: 0.000287 seconds.
  path: Assets/cup/tex/cup_DefaultMaterial_Metallic.png
  artifactKey: Guid(e5283192e31714547969f88ae3cbb18a) Importer(815301076,1909f56bfc062723c751e8b465ee728b)
Start importing Assets/cup/tex/cup_DefaultMaterial_Metallic.png using Guid(e5283192e31714547969f88ae3cbb18a) Importer(815301076,1909f56bfc062723c751e8b465ee728b)  -> (artifact id: '22c9c8bb029d114b2fc8a0bce98bcb6c') in 0.016372 seconds 
  Import took 0.022326 seconds .

========================================================================
Received Import Request.
  Time since last request: 0.000202 seconds.
  path: Assets/cup/tex/cup_DefaultMaterial_Roughness.png
  artifactKey: Guid(91ad0df9604634f46a13049188d4552b) Importer(815301076,1909f56bfc062723c751e8b465ee728b)
Start importing Assets/cup/tex/cup_DefaultMaterial_Roughness.png using Guid(91ad0df9604634f46a13049188d4552b) Importer(815301076,1909f56bfc062723c751e8b465ee728b)  -> (artifact id: 'cce40f053c2015ab6c513ebac5d47b8c') in 0.015182 seconds 
  Import took 0.021589 seconds .

========================================================================
Received Import Request.
  Time since last request: 0.000242 seconds.
  path: Assets/cup/tex/cup_DefaultMaterial_Normal.png
  artifactKey: Guid(a1d2f92dbd46fa94e904e502bcc0601d) Importer(815301076,1909f56bfc062723c751e8b465ee728b)
Start importing Assets/cup/tex/cup_DefaultMaterial_Normal.png using Guid(a1d2f92dbd46fa94e904e502bcc0601d) Importer(815301076,1909f56bfc062723c751e8b465ee728b)  -> (artifact id: '717da46aaee688e6c8ef53d0ecb2c64c') in 0.015060 seconds 
  Import took 0.021327 seconds .

========================================================================
Received Import Request.
  Time since last request: 0.000228 seconds.
  path: Assets/cup/tex
  artifactKey: Guid(4d1c116db87065c479d746a5a40dce5c) Importer(815301076,1909f56bfc062723c751e8b465ee728b)
Start importing Assets/cup/tex using Guid(4d1c116db87065c479d746a5a40dce5c) Importer(815301076,1909f56bfc062723c751e8b465ee728b)  -> (artifact id: '096827f7d4f81ae2e660548ed8b79ede') in 0.006991 seconds 
  Import took 0.012360 seconds .

========================================================================
Received Import Request.
  Time since last request: 12.381508 seconds.
  path: Assets/cup/tex/Materials/cup_DefaultMaterial_Roughness.mat
  artifactKey: Guid(8fd90a9104dc2aa4f872b36b66cbc508) Importer(815301076,1909f56bfc062723c751e8b465ee728b)
Start importing Assets/cup/tex/Materials/cup_DefaultMaterial_Roughness.mat using Guid(8fd90a9104dc2aa4f872b36b66cbc508) Importer(815301076,1909f56bfc062723c751e8b465ee728b)  -> (artifact id: 'e014debb209fea5dbbcac26b55989294') in 0.027919 seconds 
  Import took 0.035416 seconds .

========================================================================
Received Import Request.
  Time since last request: 0.001760 seconds.
  path: Assets/cup/tex/Materials
  artifactKey: Guid(2ae05ae5fbac22c4e829f6b5b1eeadda) Importer(815301076,1909f56bfc062723c751e8b465ee728b)
Start importing Assets/cup/tex/Materials using Guid(2ae05ae5fbac22c4e829f6b5b1eeadda) Importer(815301076,1909f56bfc062723c751e8b465ee728b)  -> (artifact id: 'f27aa0b7c065c5b3dbdde1f7f5b70f7b') in 0.007883 seconds 
  Import took 0.014463 seconds .

AssetImportWorkerClient::OnTransportError - code=2 error=End of file
